# JRE version: OpenJDK Runtime Environment (17.0.2+8) (build 17.0.2+8-86)
# Java VM: OpenJDK 64-Bit Server VM (17.0.2+8-86, mixed mode, sharing, tiered, compressed oops, compressed class ptrs, g1 gc, windows-amd64)
GC Precious Log:
 CPUs: 8 total, 8 available
 Memory: 12091M
 Large Page Support: Disabled
 NUMA Support: Disabled
 Compressed Oops: Enabled (Zero based)
 Heap Region Size: 2M
 Heap Min Capacity: 8M
 Heap Initial Capacity: 190M
 Heap Max Capacity: 3024M
 Pre-touch: Disabled
 Parallel Workers: 8
 Concurrent Workers: 2
 Concurrent Refinement Workers: 8
 Periodic GC: Disabled
Heap:
 garbage-first heap   total 194560K, used 92576K [0x0000000743000000, 0x0000000800000000)
  region size 2048K, 45 young (92160K), 5 survivors (10240K)
 Metaspace       used 12289K, committed 12544K, reserved 1064960K
  class space    used 1085K, committed 1216K, reserved 1048576K
GC Heap History (14 events):
Event: 1.515 GC heap before
{Heap before GC invocations=0 (full 0):
 garbage-first heap   total 194560K, used 20480K [0x0000000743000000, 0x0000000800000000)
  region size 2048K, 11 young (22528K), 0 survivors (0K)
 Metaspace       used 6880K, committed 7104K, reserved 1064960K
  class space    used 555K, committed 640K, reserved 1048576K
}
Event: 1.523 GC heap after
{Heap after GC invocations=1 (full 0):
 garbage-first heap   total 194560K, used 3584K [0x0000000743000000, 0x0000000800000000)
  region size 2048K, 2 young (4096K), 2 survivors (4096K)
 Metaspace       used 6880K, committed 7104K, reserved 1064960K
  class space    used 555K, committed 640K, reserved 1048576K
}
Event: 10.562 GC heap before
{Heap before GC invocations=1 (full 0):
 garbage-first heap   total 194560K, used 30208K [0x0000000743000000, 0x0000000800000000)
  region size 2048K, 16 young (32768K), 2 survivors (4096K)
 Metaspace       used 9161K, committed 9408K, reserved 1064960K
  class space    used 763K, committed 896K, reserved 1048576K
}
Event: 10.568 GC heap after
{Heap after GC invocations=2 (full 0):
 garbage-first heap   total 194560K, used 4634K [0x0000000743000000, 0x0000000800000000)
  region size 2048K, 1 young (2048K), 1 survivors (2048K)
 Metaspace       used 9161K, committed 9408K, reserved 1064960K
  class space    used 763K, committed 896K, reserved 1048576K
}
Event: 45.143 GC heap before
{Heap before GC invocations=2 (full 0):
 garbage-first heap   total 194560K, used 121370K [0x0000000743000000, 0x0000000800000000)
  region size 2048K, 57 young (116736K), 1 survivors (2048K)
 Metaspace       used 11882K, committed 12096K, reserved 1064960K
  class space    used 1060K, committed 1152K, reserved 1048576K
}
Event: 45.153 GC heap after
{Heap after GC invocations=3 (full 0):
 garbage-first heap   total 194560K, used 11011K [0x0000000743000000, 0x0000000800000000)
  region size 2048K, 4 young (8192K), 4 survivors (8192K)
 Metaspace       used 11882K, committed 12096K, reserved 1064960K
  class space    used 1060K, committed 1152K, reserved 1048576K
}
Event: 68.823 GC heap before
{Heap before GC invocations=3 (full 0):
 garbage-first heap   total 194560K, used 117507K [0x0000000743000000, 0x0000000800000000)
  region size 2048K, 57 young (116736K), 4 survivors (8192K)
 Metaspace       used 11949K, committed 12160K, reserved 1064960K
  class space    used 1062K, committed 1152K, reserved 1048576K
}
Event: 68.833 GC heap after
{Heap after GC invocations=4 (full 0):
 garbage-first heap   total 194560K, used 11356K [0x0000000743000000, 0x0000000800000000)
  region size 2048K, 4 young (8192K), 4 survivors (8192K)
 Metaspace       used 11949K, committed 12160K, reserved 1064960K
  class space    used 1062K, committed 1152K, reserved 1048576K
}
Event: 149.995 GC heap before
{Heap before GC invocations=4 (full 0):
 garbage-first heap   total 194560K, used 119900K [0x0000000743000000, 0x0000000800000000)
  region size 2048K, 57 young (116736K), 4 survivors (8192K)
 Metaspace       used 12120K, committed 12352K, reserved 1064960K
  class space    used 1079K, committed 1216K, reserved 1048576K
}
Event: 150.001 GC heap after
{Heap after GC invocations=5 (full 0):
 garbage-first heap   total 194560K, used 11513K [0x0000000743000000, 0x0000000800000000)
  region size 2048K, 5 young (10240K), 5 survivors (10240K)
 Metaspace       used 12120K, committed 12352K, reserved 1064960K
  class space    used 1079K, committed 1216K, reserved 1048576K
}
Event: 246.791 GC heap before
{Heap before GC invocations=5 (full 0):
 garbage-first heap   total 194560K, used 118009K [0x0000000743000000, 0x0000000800000000)
  region size 2048K, 57 young (116736K), 5 survivors (10240K)
 Metaspace       used 12253K, committed 12544K, reserved 1064960K
  class space    used 1084K, committed 1216K, reserved 1048576K
}
Event: 246.795 GC heap after
{Heap after GC invocations=6 (full 0):
 garbage-first heap   total 194560K, used 12681K [0x0000000743000000, 0x0000000800000000)
  region size 2048K, 5 young (10240K), 5 survivors (10240K)
 Metaspace       used 12253K, committed 12544K, reserved 1064960K
  class space    used 1084K, committed 1216K, reserved 1048576K
}
Event: 259.041 GC heap before
{Heap before GC invocations=6 (full 0):
 garbage-first heap   total 194560K, used 119177K [0x0000000743000000, 0x0000000800000000)
  region size 2048K, 57 young (116736K), 5 survivors (10240K)
 Metaspace       used 12259K, committed 12544K, reserved 1064960K
  class space    used 1084K, committed 1216K, reserved 1048576K
}
Event: 259.045 GC heap after
{Heap after GC invocations=7 (full 0):
 garbage-first heap   total 194560K, used 12704K [0x0000000743000000, 0x0000000800000000)
  region size 2048K, 5 young (10240K), 5 survivors (10240K)
 Metaspace       used 12259K, committed 12544K, reserved 1064960K
  class space    used 1084K, committed 1216K, reserved 1048576K
}

