# JRE version: OpenJDK Runtime Environment (17.0.2+8) (build 17.0.2+8-86)
# Java VM: OpenJDK 64-Bit Server VM (17.0.2+8-86, mixed mode, sharing, tiered, compressed oops, compressed class ptrs, g1 gc, windows-amd64)
GC Precious Log:
 CPUs: 12 total, 12 available
 Memory: 16321M
 Large Page Support: Disabled
 NUMA Support: Disabled
 Compressed Oops: Enabled (Zero based)
 Heap Region Size: 2M
 Heap Min Capacity: 8M
 Heap Initial Capacity: 256M
 Heap Max Capacity: 4082M
 Pre-touch: Disabled
 Parallel Workers: 10
 Concurrent Workers: 3
 Concurrent Refinement Workers: 10
 Periodic GC: Disabled
Heap:
 garbage-first heap   total 262144K, used 34971K [0x0000000700e00000, 0x0000000800000000)
  region size 2048K, 17 young (34816K), 5 survivors (10240K)
 Metaspace       used 12292K, committed 12544K, reserved 1064960K
  class space    used 1101K, committed 1216K, reserved 1048576K
GC Heap History (10 events):
Event: 1.139 GC heap before
{Heap before GC invocations=0 (full 0):
 garbage-first heap   total 262144K, used 22528K [0x0000000700e00000, 0x0000000800000000)
  region size 2048K, 11 young (22528K), 0 survivors (0K)
 Metaspace       used 6790K, committed 6976K, reserved 1064960K
  class space    used 543K, committed 640K, reserved 1048576K
}
Event: 1.142 GC heap after
{Heap after GC invocations=1 (full 0):
 garbage-first heap   total 262144K, used 3754K [0x0000000700e00000, 0x0000000800000000)
  region size 2048K, 2 young (4096K), 2 survivors (4096K)
 Metaspace       used 6790K, committed 6976K, reserved 1064960K
  class space    used 543K, committed 640K, reserved 1048576K
}
Event: 3.218 GC heap before
{Heap before GC invocations=1 (full 0):
 garbage-first heap   total 262144K, used 30378K [0x0000000700e00000, 0x0000000800000000)
  region size 2048K, 16 young (32768K), 2 survivors (4096K)
 Metaspace       used 8963K, committed 9152K, reserved 1064960K
  class space    used 741K, committed 832K, reserved 1048576K
}
Event: 3.221 GC heap after
{Heap after GC invocations=2 (full 0):
 garbage-first heap   total 262144K, used 5173K [0x0000000700e00000, 0x0000000800000000)
  region size 2048K, 1 young (2048K), 1 survivors (2048K)
 Metaspace       used 8963K, committed 9152K, reserved 1064960K
  class space    used 741K, committed 832K, reserved 1048576K
}
Event: 16.023 GC heap before
{Heap before GC invocations=2 (full 0):
 garbage-first heap   total 262144K, used 152629K [0x0000000700e00000, 0x0000000800000000)
  region size 2048K, 72 young (147456K), 1 survivors (2048K)
 Metaspace       used 11966K, committed 12160K, reserved 1064960K
  class space    used 1085K, committed 1152K, reserved 1048576K
}
Event: 16.028 GC heap after
{Heap after GC invocations=3 (full 0):
 garbage-first heap   total 262144K, used 11907K [0x0000000700e00000, 0x0000000800000000)
  region size 2048K, 5 young (10240K), 5 survivors (10240K)
 Metaspace       used 11966K, committed 12160K, reserved 1064960K
  class space    used 1085K, committed 1152K, reserved 1048576K
}
Event: 42.183 GC heap before
{Heap before GC invocations=3 (full 0):
 garbage-first heap   total 262144K, used 155267K [0x0000000700e00000, 0x0000000800000000)
  region size 2048K, 76 young (155648K), 5 survivors (10240K)
 Metaspace       used 12246K, committed 12480K, reserved 1064960K
  class space    used 1099K, committed 1216K, reserved 1048576K
}
Event: 42.185 GC heap after
{Heap after GC invocations=4 (full 0):
 garbage-first heap   total 262144K, used 12426K [0x0000000700e00000, 0x0000000800000000)
  region size 2048K, 5 young (10240K), 5 survivors (10240K)
 Metaspace       used 12246K, committed 12480K, reserved 1064960K
  class space    used 1099K, committed 1216K, reserved 1048576K
}
Event: 136.023 GC heap before
{Heap before GC invocations=4 (full 0):
 garbage-first heap   total 262144K, used 157834K [0x0000000700e00000, 0x0000000800000000)
  region size 2048K, 76 young (155648K), 5 survivors (10240K)
 Metaspace       used 12292K, committed 12544K, reserved 1064960K
  class space    used 1101K, committed 1216K, reserved 1048576K
}
Event: 136.025 GC heap after
{Heap after GC invocations=5 (full 0):
 garbage-first heap   total 262144K, used 12443K [0x0000000700e00000, 0x0000000800000000)
  region size 2048K, 5 young (10240K), 5 survivors (10240K)
 Metaspace       used 12292K, committed 12544K, reserved 1064960K
  class space    used 1101K, committed 1216K, reserved 1048576K
}

